\BOOKMARK [1][-]{section.1}{\376\377\000I\000n\000t\000r\000o\000d\000u\000c\000t\000i\000o\000n}{}% 1
\BOOKMARK [2][-]{subsection.1.1}{\376\377\000M\000o\000t\000i\000v\000a\000t\000i\000o\000n}{section.1}% 2
\BOOKMARK [2][-]{subsection.1.2}{\376\377\000P\000r\000o\000p\000o\000s\000e\000d\000\040\000A\000p\000p\000r\000o\000a\000c\000h}{section.1}% 3
\BOOKMARK [2][-]{subsection.1.3}{\376\377\000C\000o\000n\000t\000r\000i\000b\000u\000t\000i\000o\000n\000s}{section.1}% 4
\BOOKMARK [2][-]{subsection.1.4}{\376\377\000T\000h\000e\000s\000i\000s\000\040\000O\000r\000g\000a\000n\000i\000z\000a\000t\000i\000o\000n}{section.1}% 5
\BOOKMARK [1][-]{section.2}{\376\377\000B\000a\000c\000k\000g\000r\000o\000u\000n\000d}{}% 6
\BOOKMARK [2][-]{subsection.2.1}{\376\377\000L\000e\000a\000n\000\040\0004\000\040\000a\000n\000d\000\040\000F\000o\000r\000m\000a\000l\000\040\000P\000r\000o\000o\000f\000\040\000C\000h\000e\000c\000k\000i\000n\000g}{section.2}% 7
\BOOKMARK [2][-]{subsection.2.2}{\376\377\000L\000L\000M\000-\000b\000a\000s\000e\000d\000\040\000T\000h\000e\000o\000r\000e\000m\000\040\000P\000r\000o\000v\000i\000n\000g}{section.2}% 8
\BOOKMARK [2][-]{subsection.2.3}{\376\377\000S\000e\000a\000r\000c\000h\000-\000b\000a\000s\000e\000d\000\040\000P\000r\000o\000o\000f\000\040\000G\000e\000n\000e\000r\000a\000t\000i\000o\000n}{section.2}% 9
\BOOKMARK [2][-]{subsection.2.4}{\376\377\000R\000e\000i\000n\000f\000o\000r\000c\000e\000m\000e\000n\000t\000\040\000L\000e\000a\000r\000n\000i\000n\000g\000\040\000a\000n\000d\000\040\000S\000p\000a\000r\000s\000e\000\040\000F\000e\000e\000d\000b\000a\000c\000k}{section.2}% 10
\BOOKMARK [1][-]{section.3}{\376\377\000L\000i\000t\000e\000r\000a\000t\000u\000r\000e\000\040\000R\000e\000v\000i\000e\000w}{}% 11
\BOOKMARK [2][-]{subsection.3.1}{\376\377\000N\000e\000u\000r\000a\000l\000\040\000T\000h\000e\000o\000r\000e\000m\000\040\000P\000r\000o\000v\000i\000n\000g\000\040\000a\000n\000d\000\040\000L\000a\000n\000g\000u\000a\000g\000e\000\040\000M\000o\000d\000e\000l\000s}{section.3}% 12
\BOOKMARK [2][-]{subsection.3.2}{\376\377\000S\000e\000a\000r\000c\000h\000\040\000P\000r\000o\000c\000e\000d\000u\000r\000e\000s\000\040\000f\000o\000r\000\040\000F\000o\000r\000m\000a\000l\000\040\000P\000r\000o\000o\000f\000s}{section.3}% 13
\BOOKMARK [2][-]{subsection.3.3}{\376\377\000R\000e\000t\000r\000i\000e\000v\000a\000l\000,\000\040\000P\000r\000e\000m\000i\000s\000e\000\040\000S\000e\000l\000e\000c\000t\000i\000o\000n\000,\000\040\000a\000n\000d\000\040\000H\000a\000m\000m\000e\000r\000s}{section.3}% 14
\BOOKMARK [2][-]{subsection.3.4}{\376\377\000S\000k\000e\000t\000c\000h\000i\000n\000g\000,\000\040\000D\000e\000c\000o\000m\000p\000o\000s\000i\000t\000i\000o\000n\000,\000\040\000a\000n\000d\000\040\000I\000n\000f\000o\000r\000m\000a\000l\000\040\000G\000u\000i\000d\000a\000n\000c\000e}{section.3}% 15
\BOOKMARK [2][-]{subsection.3.5}{\376\377\000B\000e\000n\000c\000h\000m\000a\000r\000k\000s\000\040\000a\000n\000d\000\040\000E\000v\000a\000l\000u\000a\000t\000i\000o\000n\000\040\000D\000a\000t\000a\000s\000e\000t\000s}{section.3}% 16
\BOOKMARK [2][-]{subsection.3.6}{\376\377\000A\000u\000t\000o\000f\000o\000r\000m\000a\000l\000i\000z\000a\000t\000i\000o\000n}{section.3}% 17
\BOOKMARK [2][-]{subsection.3.7}{\376\377\000R\000e\000i\000n\000f\000o\000r\000c\000e\000m\000e\000n\000t\000\040\000L\000e\000a\000r\000n\000i\000n\000g\000\040\000f\000o\000r\000\040\000T\000h\000e\000o\000r\000e\000m\000\040\000P\000r\000o\000v\000i\000n\000g}{section.3}% 18
\BOOKMARK [2][-]{subsection.3.8}{\376\377\000P\000o\000s\000i\000t\000i\000o\000n\000i\000n\000g\000\040\000o\000f\000\040\000G\000a\000m\000m\000a\000Z\000e\000r\000o}{section.3}% 19
\BOOKMARK [1][-]{section.4}{\376\377\000P\000r\000o\000b\000l\000e\000m\000\040\000F\000o\000r\000m\000u\000l\000a\000t\000i\000o\000n}{}% 20
\BOOKMARK [2][-]{subsection.4.1}{\376\377\000P\000r\000o\000o\000f\000\040\000S\000t\000a\000t\000e\000s\000\040\000a\000n\000d\000\040\000P\000r\000o\000o\000f\000\040\000S\000c\000a\000f\000f\000o\000l\000d\000s}{section.4}% 21
\BOOKMARK [2][-]{subsection.4.2}{\376\377\000A\000c\000t\000i\000o\000n\000\040\000S\000p\000a\000c\000e\000:\000\040\000L\000o\000c\000a\000l\000\040\000P\000r\000o\000o\000f\000\040\000A\000c\000t\000i\000o\000n\000s\000\040\000a\000n\000d\000\040\000S\000k\000e\000l\000e\000t\000o\000n\000\040\000A\000c\000t\000i\000o\000n\000s}{section.4}% 22
\BOOKMARK [2][-]{subsection.4.3}{\376\377\000A\000N\000D\000/\000O\000R\000\040\000G\000r\000a\000p\000h\000\040\000S\000e\000m\000a\000n\000t\000i\000c\000s}{section.4}% 23
\BOOKMARK [2][-]{subsection.4.4}{\376\377\000S\000e\000a\000r\000c\000h\000\040\000L\000i\000m\000i\000t\000s\000\040\000a\000n\000d\000\040\000F\000a\000i\000l\000u\000r\000e\000\040\000L\000a\000b\000e\000l\000s}{section.4}% 24
\BOOKMARK [2][-]{subsection.4.5}{\376\377\000D\000e\000s\000i\000g\000n\000\040\000I\000n\000v\000a\000r\000i\000a\000n\000t\000s}{section.4}% 25
\BOOKMARK [1][-]{section.5}{\376\377\000A\000S\000T\000-\000G\000u\000i\000d\000e\000d\000\040\000S\000o\000r\000r\000i\000f\000i\000e\000r}{}% 26
\BOOKMARK [2][-]{subsection.5.1}{\376\377\000M\000o\000t\000i\000v\000a\000t\000i\000o\000n}{section.5}% 27
\BOOKMARK [2][-]{subsection.5.2}{\376\377\000F\000a\000i\000l\000u\000r\000e\000\040\000T\000a\000x\000o\000n\000o\000m\000y}{section.5}% 28
\BOOKMARK [2][-]{subsection.5.3}{\376\377\000A\000S\000T\000-\000b\000a\000s\000e\000d\000\040\000E\000r\000r\000o\000r\000\040\000L\000o\000c\000a\000l\000i\000z\000a\000t\000i\000o\000n}{section.5}% 29
\BOOKMARK [2][-]{subsection.5.4}{\376\377\000I\000t\000e\000r\000a\000t\000i\000v\000e\000\040\000P\000a\000t\000c\000h\000i\000n\000g\000\040\000A\000l\000g\000o\000r\000i\000t\000h\000m}{section.5}% 30
\BOOKMARK [2][-]{subsection.5.5}{\376\377\000S\000y\000n\000t\000a\000c\000t\000i\000c\000\040\000S\000u\000r\000v\000i\000v\000a\000l\000\040\000S\000i\000g\000n\000a\000l}{section.5}% 31
\BOOKMARK [1][-]{section.6}{\376\377\000P\000r\000o\000p\000o\000s\000e\000d\000\040\000F\000r\000a\000m\000e\000w\000o\000r\000k}{}% 32
\BOOKMARK [2][-]{subsection.6.1}{\376\377\000S\000y\000s\000t\000e\000m\000\040\000C\000o\000m\000p\000o\000n\000e\000n\000t\000s}{section.6}% 33
\BOOKMARK [2][-]{subsection.6.2}{\376\377\000S\000c\000a\000f\000f\000o\000l\000d\000\040\000R\000u\000l\000e\000\040\000i\000n\000\040\000t\000h\000e\000\040\000I\000m\000p\000l\000e\000m\000e\000n\000t\000a\000t\000i\000o\000n}{section.6}% 34
\BOOKMARK [2][-]{subsection.6.3}{\376\377\000M\000o\000d\000e\000l\000\040\000I\000n\000t\000e\000r\000f\000a\000c\000e\000\040\000a\000n\000d\000\040\000O\000u\000t\000p\000u\000t\000\040\000P\000a\000r\000s\000i\000n\000g}{section.6}% 35
\BOOKMARK [2][-]{subsection.6.4}{\376\377\000L\000e\000a\000n\000\040\000V\000e\000r\000i\000f\000i\000c\000a\000t\000i\000o\000n\000\040\000I\000n\000t\000e\000r\000f\000a\000c\000e}{section.6}% 36
\BOOKMARK [2][-]{subsection.6.5}{\376\377\000L\000e\000a\000n\000\040\000M\000e\000t\000a\000p\000r\000o\000g\000r\000a\000m\000m\000i\000n\000g\000\040\000S\000e\000r\000v\000e\000r\000s}{section.6}% 37
\BOOKMARK [2][-]{subsection.6.6}{\376\377\000P\000r\000i\000o\000r\000i\000t\000y\000-\000Q\000u\000e\000u\000e\000\040\000S\000e\000a\000r\000c\000h}{section.6}% 38
\BOOKMARK [2][-]{subsection.6.7}{\376\377\000L\000o\000c\000a\000l\000-\000P\000r\000o\000o\000f\000-\000F\000i\000r\000s\000t\000\040\000E\000x\000p\000a\000n\000s\000i\000o\000n}{section.6}% 39
\BOOKMARK [2][-]{subsection.6.8}{\376\377\000S\000k\000e\000l\000e\000t\000o\000n\000\040\000C\000o\000m\000m\000i\000t\000m\000e\000n\000t\000\040\000a\000n\000d\000\040\000F\000a\000l\000l\000b\000a\000c\000k}{section.6}% 40
\BOOKMARK [2][-]{subsection.6.9}{\376\377\000P\000r\000i\000o\000r\000i\000t\000y\000\040\000S\000c\000o\000r\000e\000s}{section.6}% 41
\BOOKMARK [2][-]{subsection.6.10}{\376\377\000F\000i\000n\000a\000l\000\040\000P\000r\000o\000o\000f\000\040\000C\000o\000n\000s\000t\000r\000u\000c\000t\000i\000o\000n}{section.6}% 42
\BOOKMARK [2][-]{subsection.6.11}{\376\377\000E\000n\000d\000-\000t\000o\000-\000E\000n\000d\000\040\000L\000i\000f\000e\000c\000y\000c\000l\000e}{section.6}% 43
\BOOKMARK [1][-]{section.7}{\376\377\000D\000e\000n\000s\000e\000\040\000R\000e\000w\000a\000r\000d\000\040\000a\000n\000d\000\040\000C\000r\000e\000d\000i\000t\000\040\000A\000s\000s\000i\000g\000n\000m\000e\000n\000t}{}% 44
\BOOKMARK [2][-]{subsection.7.1}{\376\377\000S\000y\000n\000t\000a\000c\000t\000i\000c\000\040\000R\000e\000w\000a\000r\000d}{section.7}% 45
\BOOKMARK [2][-]{subsection.7.2}{\376\377\000D\000e\000p\000e\000n\000d\000e\000n\000c\000y\000-\000a\000w\000a\000r\000e\000\040\000S\000t\000r\000u\000c\000t\000u\000r\000a\000l\000\040\000R\000e\000w\000a\000r\000d}{section.7}% 46
\BOOKMARK [2][-]{subsection.7.3}{\376\377\000A\000N\000D\000/\000O\000R\000\040\000B\000a\000c\000k\000u\000p}{section.7}% 47
\BOOKMARK [2][-]{subsection.7.4}{\376\377\000R\000e\000w\000a\000r\000d\000\040\000C\000o\000m\000p\000u\000t\000a\000t\000i\000o\000n\000\040\000a\000n\000d\000\040\000T\000r\000a\000i\000n\000i\000n\000g\000\040\000D\000a\000t\000a\000\040\000G\000e\000n\000e\000r\000a\000t\000i\000o\000n}{section.7}% 48
\BOOKMARK [2][-]{subsection.7.5}{\376\377\000T\000r\000a\000j\000e\000c\000t\000o\000r\000y\000\040\000E\000x\000p\000o\000r\000t\000\040\000a\000n\000d\000\040\000F\000i\000n\000a\000l\000\040\000V\000e\000r\000i\000f\000i\000c\000a\000t\000i\000o\000n}{section.7}% 49
\BOOKMARK [1][-]{section.8}{\376\377\000E\000x\000p\000e\000r\000i\000m\000e\000n\000t\000s}{}% 50
\BOOKMARK [2][-]{subsection.8.1}{\376\377\000E\000x\000p\000e\000r\000i\000m\000e\000n\000t\000a\000l\000\040\000S\000c\000o\000p\000e}{section.8}% 51
\BOOKMARK [2][-]{subsection.8.2}{\376\377\000S\000e\000t\000u\000p}{section.8}% 52
\BOOKMARK [2][-]{subsection.8.3}{\376\377\000D\000a\000t\000a\000s\000e\000t}{section.8}% 53
\BOOKMARK [2][-]{subsection.8.4}{\376\377\000M\000e\000t\000r\000i\000c\000s}{section.8}% 54
\BOOKMARK [2][-]{subsection.8.5}{\376\377\000M\000a\000i\000n\000\040\000R\000e\000s\000u\000l\000t\000s}{section.8}% 55
\BOOKMARK [2][-]{subsection.8.6}{\376\377\000A\000b\000l\000a\000t\000i\000o\000n\000s}{section.8}% 56
\BOOKMARK [2][-]{subsection.8.7}{\376\377\000T\000r\000a\000j\000e\000c\000t\000o\000r\000y\000\040\000C\000a\000s\000e\000\040\000S\000t\000u\000d\000i\000e\000s}{section.8}% 57
\BOOKMARK [2][-]{subsection.8.8}{\376\377\000D\000i\000s\000c\000u\000s\000s\000i\000o\000n}{section.8}% 58
\BOOKMARK [2][-]{subsection.8.9}{\376\377\000R\000e\000p\000r\000o\000d\000u\000c\000i\000b\000i\000l\000i\000t\000y\000\040\000C\000o\000n\000s\000i\000d\000e\000r\000a\000t\000i\000o\000n\000s}{section.8}% 59
\BOOKMARK [2][-]{subsection.8.10}{\376\377\000T\000h\000r\000e\000a\000t\000s\000\040\000t\000o\000\040\000V\000a\000l\000i\000d\000i\000t\000y}{section.8}% 60
\BOOKMARK [1][-]{section.9}{\376\377\000C\000o\000n\000c\000l\000u\000s\000i\000o\000n\000\040\000a\000n\000d\000\040\000L\000i\000m\000i\000t\000a\000t\000i\000o\000n\000s}{}% 61
\BOOKMARK [1][-]{appendix.A}{\376\377\000R\000u\000n\000n\000i\000n\000g\000\040\000E\000x\000a\000m\000p\000l\000e}{}% 62
\BOOKMARK [1][-]{appendix.B}{\376\377\000S\000o\000r\000r\000i\000f\000i\000e\000r\000\040\000E\000x\000a\000m\000p\000l\000e\000s\000\040\000a\000n\000d\000\040\000C\000a\000s\000e\000\040\000S\000t\000u\000d\000i\000e\000s}{}% 63
\BOOKMARK [1][-]{appendix.C}{\376\377\000R\000e\000w\000a\000r\000d\000\040\000H\000a\000c\000k\000i\000n\000g\000\040\000D\000e\000r\000i\000v\000a\000t\000i\000o\000n}{}% 64
\BOOKMARK [1][-]{appendix.D}{\376\377\000D\000e\000s\000i\000g\000n\000\040\000A\000s\000s\000u\000m\000p\000t\000i\000o\000n\000s\000\040\000a\000n\000d\000\040\000L\000i\000m\000i\000t\000a\000t\000i\000o\000n\000s}{}% 65
